22:14:22 **** Build of configuration Debug for project mini_project2 ****
make all 
Building file: ../mini_project2.c
Invoking: AVR Compiler
avr-gcc -Wall -g2 -gstabs -O0 -fpack-struct -fshort-enums -ffunction-sections -fdata-sections -std=gnu99 -funsigned-char -funsigned-bitfields -mmcu=atmega32 -DF_CPU=1000000UL -MMD -MP -MF"mini_project2.d" -MT"mini_project2.o" -c -o "mini_project2.o" "../mini_project2.c"
In file included from ../mini_project2.c:8:
c:/winavr-20100110/lib/gcc/../../avr/include/util/delay.h:90:3: warning: #warning "Compiler optimizations disabled; functions from <util/delay.h> won't work as designed"
Finished building: ../mini_project2.c
 
Building target: mini_project2.elf
Invoking: AVR C Linker
avr-gcc -Wl,-Map,mini_project2.map -mmcu=atmega32 -o "mini_project2.elf"  ./mini_project2.o   
Finished building target: mini_project2.elf
 
Invoking: AVR Create Extended Listing
avr-objdump -h -S mini_project2.elf  >"mini_project2.lss"
Finished building: mini_project2.lss
 
Invoking: Print Size
avr-size --format=avr --mcu=atmega32 mini_project2.elf
AVR Memory Usage
----------------
Device: atmega32

Program:    4214 bytes (12.9% Full)
(.text + .data + .bootloader)

Data:         15 bytes (0.7% Full)
(.data + .bss + .noinit)


Finished building: sizedummy
 
22:14:23 **** Incremental Build of configuration Debug for project mini_project2 ****
make all 
Invoking: Print Size
avr-size --format=avr --mcu=atmega32 mini_project2.elf
AVR Memory Usage
----------------
Device: atmega32

Program:    4214 bytes (12.9% Full)
(.text + .data + .bootloader)

Data:         15 bytes (0.7% Full)
(.data + .bss + .noinit)


Finished building: sizedummy
 
22:14:24 **** Incremental Build of configuration Debug for project mini_project2 ****
make all 
Invoking: Print Size
avr-size --format=avr --mcu=atmega32 mini_project2.elf
AVR Memory Usage
----------------
Device: atmega32

Program:    4214 bytes (12.9% Full)
(.text + .data + .bootloader)

Data:         15 bytes (0.7% Full)
(.data + .bss + .noinit)


Finished building: sizedummy
 
22:14:24 **** Incremental Build of configuration Debug for project mini_project2 ****
make all 
Invoking: Print Size
avr-size --format=avr --mcu=atmega32 mini_project2.elf
AVR Memory Usage
----------------
Device: atmega32

Program:    4214 bytes (12.9% Full)
(.text + .data + .bootloader)

Data:         15 bytes (0.7% Full)
(.data + .bss + .noinit)


Finished building: sizedummy
 
22:14:42 **** Incremental Build of configuration Debug for project mini_project2 ****
make all 
Building target: mini_project2.elf
Invoking: AVR C Linker
avr-gcc -Wl,-Map,mini_project2.map -mmcu=atmega32 -o "mini_project2.elf"  ./mini_project2.o   
Finished building target: mini_project2.elf
 
Invoking: AVR Create Extended Listing
avr-objdump -h -S mini_project2.elf  >"mini_project2.lss"
Finished building: mini_project2.lss
 
Create Flash image (ihex format)
avr-objcopy -R .eeprom -R .fuse -R .lock -R .signature -O ihex mini_project2.elf  "mini_project2.hex"
Finished building: mini_project2.hex
 
Invoking: Print Size
avr-size --format=avr --mcu=atmega32 mini_project2.elf
AVR Memory Usage
----------------
Device: atmega32

Program:    4214 bytes (12.9% Full)
(.text + .data + .bootloader)

Data:         15 bytes (0.7% Full)
(.data + .bss + .noinit)


Finished building: sizedummy
 
22:14:43 **** Incremental Build of configuration Debug for project mini_project2 ****
make all 
Invoking: Print Size
avr-size --format=avr --mcu=atmega32 mini_project2.elf
AVR Memory Usage
----------------
Device: atmega32

Program:    4214 bytes (12.9% Full)
(.text + .data + .bootloader)

Data:         15 bytes (0.7% Full)
(.data + .bss + .noinit)


Finished building: sizedummy
 
22:14:44 **** Incremental Build of configuration Debug for project mini_project2 ****
make all 
Invoking: Print Size
avr-size --format=avr --mcu=atmega32 mini_project2.elf
AVR Memory Usage
----------------
Device: atmega32

Program:    4214 bytes (12.9% Full)
(.text + .data + .bootloader)

Data:         15 bytes (0.7% Full)
(.data + .bss + .noinit)


Finished building: sizedummy
 
22:14:44 **** Incremental Build of configuration Debug for project mini_project2 ****
make all 
Invoking: Print Size
avr-size --format=avr --mcu=atmega32 mini_project2.elf
AVR Memory Usage
----------------
Device: atmega32

Program:    4214 bytes (12.9% Full)
(.text + .data + .bootloader)

Data:         15 bytes (0.7% Full)
(.data + .bss + .noinit)


Finished building: sizedummy
 
15:33:22 **** Incremental Build of configuration Debug for project mini_project2 ****
make all 
Invoking: Print Size
avr-size --format=avr --mcu=atmega32 mini_project2.elf
AVR Memory Usage
----------------
Device: atmega32

Program:    4214 bytes (12.9% Full)
(.text + .data + .bootloader)

Data:         15 bytes (0.7% Full)
(.data + .bss + .noinit)


Finished building: sizedummy
 
15:33:30 **** Incremental Build of configuration Debug for project mini_project2 ****
make all 
Invoking: Print Size
avr-size --format=avr --mcu=atmega32 mini_project2.elf
AVR Memory Usage
----------------
Device: atmega32

Program:    4214 bytes (12.9% Full)
(.text + .data + .bootloader)

Data:         15 bytes (0.7% Full)
(.data + .bss + .noinit)


Finished building: sizedummy
 
15:33:32 **** Incremental Build of configuration Debug for project mini_project2 ****
make all 
Invoking: Print Size
avr-size --format=avr --mcu=atmega32 mini_project2.elf
AVR Memory Usage
----------------
Device: atmega32

Program:    4214 bytes (12.9% Full)
(.text + .data + .bootloader)

Data:         15 bytes (0.7% Full)
(.data + .bss + .noinit)


Finished building: sizedummy
 
15:33:33 **** Incremental Build of configuration Debug for project mini_project2 ****
make all 
Invoking: Print Size
avr-size --format=avr --mcu=atmega32 mini_project2.elf
AVR Memory Usage
----------------
Device: atmega32

Program:    4214 bytes (12.9% Full)
(.text + .data + .bootloader)

Data:         15 bytes (0.7% Full)
(.data + .bss + .noinit)


Finished building: sizedummy
 
15:33:34 **** Incremental Build of configuration Debug for project mini_project2 ****
make all 
Invoking: Print Size
avr-size --format=avr --mcu=atmega32 mini_project2.elf
AVR Memory Usage
----------------
Device: atmega32

Program:    4214 bytes (12.9% Full)
(.text + .data + .bootloader)

Data:         15 bytes (0.7% Full)
(.data + .bss + .noinit)


Finished building: sizedummy
 
15:33:35 **** Incremental Build of configuration Debug for project mini_project2 ****
make all 
Invoking: Print Size
avr-size --format=avr --mcu=atmega32 mini_project2.elf
AVR Memory Usage
----------------
Device: atmega32

Program:    4214 bytes (12.9% Full)
(.text + .data + .bootloader)

Data:         15 bytes (0.7% Full)
(.data + .bss + .noinit)


Finished building: sizedummy
 
15:33:36 **** Incremental Build of configuration Debug for project mini_project2 ****
make all 
Invoking: Print Size
avr-size --format=avr --mcu=atmega32 mini_project2.elf
AVR Memory Usage
----------------
Device: atmega32

Program:    4214 bytes (12.9% Full)
(.text + .data + .bootloader)

Data:         15 bytes (0.7% Full)
(.data + .bss + .noinit)


Finished building: sizedummy
 
15:33:37 **** Incremental Build of configuration Debug for project mini_project2 ****
make all 
Invoking: Print Size
avr-size --format=avr --mcu=atmega32 mini_project2.elf
AVR Memory Usage
----------------
Device: atmega32

Program:    4214 bytes (12.9% Full)
(.text + .data + .bootloader)

Data:         15 bytes (0.7% Full)
(.data + .bss + .noinit)


Finished building: sizedummy
 
